<?xml version="1.0" encoding="UTF-8"?>
<testsuite xmlns:xsi="http://www.w3.org/2001/XMLSchema-instance" xsi:noNamespaceSchemaLocation="https://maven.apache.org/surefire/maven-surefire-plugin/xsd/surefire-test-report.xsd" name="tester.all.ApiTest" time="33.094" tests="28" errors="0" skipped="0" failures="0">
  <properties>
[...]
</properties>
  <testcase name="testAll[1][1]" classname="tester.all.ApiTest" time="2.937"/>
  <testcase name="testAll[2][1]" classname="tester.all.ApiTest" time="0.36"/>
  <testcase name="testAll[2][2]" classname="tester.all.ApiTest" time="0.315"/>
  <testcase name="testAll[3][1]" classname="tester.all.ApiTest" time="0.319"/>
  <testcase name="testAll[4][1]" classname="tester.all.ApiTest" time="0.731"/>
  <testcase name="testAll[5][1]" classname="tester.all.ApiTest" time="0.352"/>
  <testcase name="testAll[6][1]" classname="tester.all.ApiTest" time="0.281"/>
  <testcase name="testAll[7][1]" classname="tester.all.ApiTest" time="4.839"/>
  <testcase name="testAll[7][2]" classname="tester.all.ApiTest" time="4.167"/>
  <testcase name="testAll[7][3]" classname="tester.all.ApiTest" time="2.629"/>
  <testcase name="testAll[8][1]" classname="tester.all.ApiTest" time="0.712"/>
  <testcase name="testAll[9][1]" classname="tester.all.ApiTest" time="0.265"/>
  <testcase name="testAll[10][1]" classname="tester.all.ApiTest" time="0.266"/>
  <testcase name="testAll[11][1]" classname="tester.all.ApiTest" time="0.241"/>
  <testcase name="testAll[12][1]" classname="tester.all.ApiTest" time="0.281"/>
  <testcase name="testAll[13][1]" classname="tester.all.ApiTest" time="3.651"/>
  <testcase name="testAll[13][2]" classname="tester.all.ApiTest" time="1.45"/>
  <testcase name="testAll[13][3]" classname="tester.all.ApiTest" time="0.658"/>
  <testcase name="testAll[14][1]" classname="tester.all.ApiTest" time="0.706"/>
  <testcase name="testAll[15][1]" classname="tester.all.ApiTest" time="0.269"/>
  <testcase name="testAll[15][2]" classname="tester.all.ApiTest" time="1.016"/>
  <testcase name="testAll[15][3]" classname="tester.all.ApiTest" time="0.241"/>
  <testcase name="testAll[16][1]" classname="tester.all.ApiTest" time="0.221"/>
  <testcase name="testAll[17][1]" classname="tester.all.ApiTest" time="0.241"/>
  <testcase name="testAll[18][1]" classname="tester.all.ApiTest" time="0.266"/>
  <testcase name="testAll[19][1]" classname="tester.all.ApiTest" time="0.3"/>
  <testcase name="testAll[20][1]" classname="tester.all.ApiTest" time="3.697"/>
  <testcase name="testAll[20][2]" classname="tester.all.ApiTest" time="0.796"/>
</testsuite>